<?xml version="1.0" encoding="UTF-8"?>
<!-- Generated by org.testng.reporters.JUnitXMLReporter -->
<testsuite ignored="0" hostname="CSMBHUD215" failures="0" tests="4" name="Default test" time="67.687" errors="0" timestamp="2021-11-24T17:08:57 IST">
  <testcase classname="com.PG.Tests.AddCollegePreferencesForHistory" name="LoggingIn" time="15.4"/>
  <testcase classname="com.PG.Tests.AddCollegePreferencesForHistory" name="CheckForAddMoreThan10Colleges" time="13.652"/>
  <testcase classname="com.PG.Tests.AddCollegePreferencesForHistory" name="CheckForAddWomenCollegeForMaleCandidate" time="9.807"/>
  <testcase classname="com.PG.Tests.AddCollegePreferencesForHistory" name="CheckForAddDuplicateCollegeForEducation" time="16.84"/>
</testsuite> <!-- Default test -->
