<?xml version="1.0" encoding="UTF-8"?>
<!-- Generated by org.testng.reporters.JUnitXMLReporter -->
<testsuite hostname="LAPTOP-O7SD66MO" ignored="0" name="AddressValidations" tests="2" failures="0" timestamp="2020-10-09T16:15:21 IST" time="67.138" errors="0">
  <testcase name="LoggingIn" time="40.957" classname="com.PG.Tests.AddressValidations"/>
  <testcase name="AcceptanceofSameAddressForDiffApplicants" time="18.496" classname="com.PG.Tests.AddressValidations"/>
</testsuite> <!-- AddressValidations -->
