<?xml version="1.0" encoding="UTF-8"?>
<!-- Generated by org.testng.reporters.JUnitXMLReporter -->
<testsuite hostname="LAPTOP-O7SD66MO" ignored="0" name="AgeValidation" tests="3" failures="0" timestamp="2020-10-09T16:05:59 IST" time="76.245" errors="0">
  <testcase name="LoggingIn" time="39.313" classname="com.PG.Tests.AgeValidation"/>
  <testcase name="SubmittingCAFWithValidAge" time="17.352" classname="com.PG.Tests.AgeValidation"/>
  <testcase name="SubmittingCAFWithInvalidAge" time="11.379" classname="com.PG.Tests.AgeValidation"/>
</testsuite> <!-- AgeValidation -->
