<?xml version="1.0" encoding="UTF-8"?>
<!-- Generated by org.testng.reporters.JUnitXMLReporter -->
<testsuite hostname="LAPTOP-O7SD66MO" ignored="0" name="AggregatePercentageGraduate" tests="4" failures="0" timestamp="2020-10-09T16:31:19 IST" time="122.258" errors="0">
  <testcase name="LoggingIn" time="39.38" classname="com.PG.Tests.AggregatePercentageGraduate"/>
  <testcase name="LessThan33PercentageofGraduate" time="34.24" classname="com.PG.Tests.AggregatePercentageGraduate"/>
  <testcase name="Equalto45OnGraduatePercentage" time="18.555" classname="com.PG.Tests.AggregatePercentageGraduate"/>
  <testcase name="Morethan45PercentageOnGraduate" time="18.782" classname="com.PG.Tests.AggregatePercentageGraduate"/>
</testsuite> <!-- AggregatePercentageGraduate -->
