<?xml version="1.0" encoding="UTF-8"?>
<!-- Generated by org.testng.reporters.JUnitXMLReporter -->
<testsuite hostname="LAPTOP-O7SD66MO" ignored="0" name="AggregatePercentageof10th12th" tests="7" failures="0" timestamp="2020-10-09T16:29:17 IST" time="162.407" errors="0">
  <testcase name="LoggingIn" time="40.358" classname="com.PG.Tests.AggregatePercentageof10th12th"/>
  <testcase name="LessThan33Percentage" time="31.887" classname="com.PG.Tests.AggregatePercentageof10th12th"/>
  <testcase name="Equalto33Percentage" time="18.709" classname="com.PG.Tests.AggregatePercentageof10th12th"/>
  <testcase name="Morethan33Percentage" time="18.925" classname="com.PG.Tests.AggregatePercentageof10th12th"/>
  <testcase name="Morethan33PercentageofTwelth" time="18.302" classname="com.PG.Tests.AggregatePercentageof10th12th"/>
  <testcase name="Equalto33PercentageofTwelth" time="18.308" classname="com.PG.Tests.AggregatePercentageof10th12th"/>
  <testcase name="LessThan33PercentageofTwelth" time="8.411" classname="com.PG.Tests.AggregatePercentageof10th12th"/>
</testsuite> <!-- AggregatePercentageof10th12th -->
