<?xml version="1.0" encoding="UTF-8"?>
<!-- Generated by org.testng.reporters.JUnitXMLReporter -->
<testsuite hostname="LAPTOP-O7SD66MO" ignored="0" name="AnthropologyDepartment" tests="3" failures="0" timestamp="2020-10-09T16:37:22 IST" time="157.668" errors="0">
  <testcase name="LoggingIn" time="39.288" classname="com.PG.Tests.AnthropologyDepartment"/>
  <testcase name="AnthroplogyWithAtleast45percentage" time="72.2" classname="com.PG.Tests.AnthropologyDepartment"/>
  <testcase name="AnthroplogyWithLessThan45percentage" time="38.422" classname="com.PG.Tests.AnthropologyDepartment"/>
</testsuite> <!-- AnthropologyDepartment -->
