<?xml version="1.0" encoding="UTF-8"?>
<!-- Generated by org.testng.reporters.JUnitXMLReporter -->
<testsuite hostname="LAPTOP-O7SD66MO" ignored="0" name="ApplyingCAFWithDifferentBoards" tests="3" failures="0" timestamp="2020-10-09T16:03:27 IST" time="70.974" errors="0">
  <testcase name="LoggingIn" time="38.752" classname="com.PG.Tests.ApplyingCAFWithDifferentBoards"/>
  <testcase name="SubmissionCAFWithOdishaBoard" time="13.184" classname="com.PG.Tests.ApplyingCAFWithDifferentBoards"/>
  <testcase name="SubmissionCAFWithNonOdishaBoard" time="10.565" classname="com.PG.Tests.ApplyingCAFWithDifferentBoards"/>
</testsuite> <!-- ApplyingCAFWithDifferentBoards -->
