<?xml version="1.0" encoding="UTF-8"?>
<!-- Generated by org.testng.reporters.JUnitXMLReporter -->
<testsuite hostname="LAPTOP-O7SD66MO" ignored="0" name="ApplyingCAFWithDiffGender" tests="4" failures="0" timestamp="2020-10-09T16:07:23 IST" time="83.615" errors="0">
  <testcase name="LoggingIn" time="38.63" classname="com.PG.Tests.ApplyingCAFWithDiffGender"/>
  <testcase name="SubmittingCAFByMaleCandidate" time="15.15" classname="com.PG.Tests.ApplyingCAFWithDiffGender"/>
  <testcase name="SubmittingCAFByFemaleCandidate" time="12.1" classname="com.PG.Tests.ApplyingCAFWithDiffGender"/>
  <testcase name="SubmittingCAFByTransgenderCandidate" time="10.224" classname="com.PG.Tests.ApplyingCAFWithDiffGender"/>
</testsuite> <!-- ApplyingCAFWithDiffGender -->
