<?xml version="1.0" encoding="UTF-8"?>
<!-- Generated by org.testng.reporters.JUnitXMLReporter -->
<testsuite hostname="LAPTOP-O7SD66MO" ignored="0" name="ApplyingCAFWithDiffIdentificationType" tests="11" failures="0" timestamp="2020-10-09T16:09:57 IST" time="154.556" errors="0">
  <testcase name="LoggingIn" time="38.984" classname="com.PG.Tests.ApplyingCAFWithDiffIdentificationType"/>
  <testcase name="SubmittingCAFwithValidAadhaarNo" time="14.75" classname="com.PG.Tests.ApplyingCAFWithDiffIdentificationType"/>
  <testcase name="SubmittingCAFWithInvalidAadhar" time="10.539" classname="com.PG.Tests.ApplyingCAFWithDiffIdentificationType"/>
  <testcase name="SubmittingCAFWithValidVoterID" time="10.39" classname="com.PG.Tests.ApplyingCAFWithDiffIdentificationType"/>
  <testcase name="SubmittingCAFWithInValidVoterID" time="10.129" classname="com.PG.Tests.ApplyingCAFWithDiffIdentificationType"/>
  <testcase name="SubmittingCAFWithValidDL" time="10.142" classname="com.PG.Tests.ApplyingCAFWithDiffIdentificationType"/>
  <testcase name="SubmittingCAFWithInValidDL" time="10.08" classname="com.PG.Tests.ApplyingCAFWithDiffIdentificationType"/>
  <testcase name="SubmittingCAFWithValidPassport" time="10.126" classname="com.PG.Tests.ApplyingCAFWithDiffIdentificationType"/>
  <testcase name="SubmittingCAFwithInValidPassport" time="9.776" classname="com.PG.Tests.ApplyingCAFWithDiffIdentificationType"/>
  <testcase name="SubmittingCAFWithValidPAN" time="10.156" classname="com.PG.Tests.ApplyingCAFWithDiffIdentificationType"/>
  <testcase name="SubmittingCAFWithInvalidPAN" time="10.315" classname="com.PG.Tests.ApplyingCAFWithDiffIdentificationType"/>
</testsuite> <!-- ApplyingCAFWithDiffIdentificationType -->
