<?xml version="1.0" encoding="UTF-8"?>
<!-- Generated by org.testng.reporters.JUnitXMLReporter -->
<testsuite hostname="LAPTOP-O7SD66MO" ignored="0" name="ApplyingCAFWithDiffernetExamType" tests="3" failures="0" timestamp="2020-10-09T16:04:43 IST" time="75.457" errors="0">
  <testcase name="LoggingIn" time="40.647" classname="com.PG.Tests.ApplyingCAFWithDiffernetExamType"/>
  <testcase name="SubmittingCAFwithAnnualExam" time="16.511" classname="com.PG.Tests.ApplyingCAFWithDiffernetExamType"/>
  <testcase name="SubmittingCAFwithSupplementaryExam" time="10.604" classname="com.PG.Tests.ApplyingCAFWithDiffernetExamType"/>
</testsuite> <!-- ApplyingCAFWithDiffernetExamType -->
