<?xml version="1.0" encoding="UTF-8"?>
<!-- Generated by org.testng.reporters.JUnitXMLReporter -->
<testsuite hostname="LAPTOP-O7SD66MO" ignored="0" name="DifferentGraduates" tests="2" failures="0" timestamp="2020-10-09T16:19:47 IST" time="205.342" errors="0">
  <testcase name="LoggingIn" time="39.906" classname="com.PG.Tests.DifferentGraduates"/>
  <testcase name="ApplyingByDifferentTypeOfGraduates" time="157.886" classname="com.PG.Tests.DifferentGraduates"/>
</testsuite> <!-- DifferentGraduates -->
