<?xml version="1.0" encoding="UTF-8"?>
<!-- Generated by org.testng.reporters.JUnitXMLReporter -->
<testsuite hostname="LAPTOP-O7SD66MO" ignored="0" name="DuplicateIDCheck" tests="6" failures="0" timestamp="2020-10-09T16:11:08 IST" time="70.868" errors="0">
  <testcase name="LoggingIn" time="9.849" classname="com.PG.Tests.DuplicateIDCheck"/>
  <testcase name="DuplicateAadhaarNumber" time="12.784" classname="com.PG.Tests.DuplicateIDCheck"/>
  <testcase name="DuplicateVoterID" time="10.192" classname="com.PG.Tests.DuplicateIDCheck"/>
  <testcase name="DuplicateDrivingLicense" time="10.356" classname="com.PG.Tests.DuplicateIDCheck"/>
  <testcase name="DuplicatePAN" time="10.224" classname="com.PG.Tests.DuplicateIDCheck"/>
  <testcase name="DuplicatePassport" time="10.073" classname="com.PG.Tests.DuplicateIDCheck"/>
</testsuite> <!-- DuplicateIDCheck -->
