<?xml version="1.0" encoding="UTF-8"?>
<!-- Generated by org.testng.reporters.JUnitXMLReporter -->
<testsuite hostname="LAPTOP-O7SD66MO" ignored="0" name="DuplicateRollNoCheck" tests="2" failures="0" timestamp="2020-10-09T16:16:22 IST" time="61.038" errors="0">
  <testcase name="LoggingIn" time="38.894" classname="com.PG.Tests.DuplicateRollNoCheck"/>
  <testcase name="SubmittingCAFWithDuplicate10thRollNumber" time="14.632" classname="com.PG.Tests.DuplicateRollNoCheck"/>
</testsuite> <!-- DuplicateRollNoCheck -->
