<?xml version="1.0" encoding="UTF-8"?>
<!-- Generated by org.testng.reporters.JUnitXMLReporter -->
<testsuite hostname="LAPTOP-O7SD66MO" ignored="0" name="EconomicsDepartment" tests="3" failures="0" timestamp="2020-10-09T16:34:45 IST" time="66.99" errors="0">
  <testcase name="LoggingIn" time="9.24" classname="com.PG.Tests.EconomicsDepartment"/>
  <testcase name="EconomicsWith45Percentage" time="38.8" classname="com.PG.Tests.EconomicsDepartment"/>
  <testcase name="EconomicsWithLessThan45Percentage" time="10.749" classname="com.PG.Tests.EconomicsDepartment"/>
</testsuite> <!-- EconomicsDepartment -->
