<?xml version="1.0" encoding="UTF-8"?>
<!-- Generated by org.testng.reporters.JUnitXMLReporter -->
<testsuite hostname="LAPTOP-O7SD66MO" ignored="0" name="HaveYouPassedGraduationWithDistinction" tests="2" failures="0" timestamp="2020-10-09T16:21:44 IST" time="66.543" errors="0">
  <testcase name="LoggingIn" time="9.552" classname="com.PG.Tests.HaveYouPassedGraduationWithDistinction"/>
  <testcase name="SelectionofHaveYouPassedGraduationWithDistinction" time="49.463" classname="com.PG.Tests.HaveYouPassedGraduationWithDistinction"/>
</testsuite> <!-- HaveYouPassedGraduationWithDistinction -->
