<?xml version="1.0" encoding="UTF-8"?>
<!-- Generated by org.testng.reporters.JUnitXMLReporter -->
<testsuite hostname="LAPTOP-O7SD66MO" ignored="2" name="LoginScenarios" tests="10" failures="0" timestamp="2020-10-10T13:57:41 IST" time="210.71" errors="0">
  <testcase name="LoginWithInvalidMobileNoValidPassword" time="5.968" classname="com.PG.Tests.LoginScenarios"/>
  <testcase name="LoginWithValidMobileNoInvalidPassword" time="5.325" classname="com.PG.Tests.LoginScenarios"/>
  <testcase name="LoginWithInvalidMobileNoInvalidPassword" time="6.595" classname="com.PG.Tests.LoginScenarios"/>
  <testcase name="LoginWithValidMobileNoValidPassword" time="36.706" classname="com.PG.Tests.LoginScenarios"/>
  <testcase name="LoggingIn" time="39.958" classname="com.PG.Tests.ApplyingCAFWithDifferentBoards"/>
  <testcase name="SubmissionCAFWithOdishaBoard" time="12.961" classname="com.PG.Tests.ApplyingCAFWithDifferentBoards"/>
  <testcase name="SubmissionCAFWithNonOdishaBoard" time="11.142" classname="com.PG.Tests.ApplyingCAFWithDifferentBoards"/>
  <testcase name="LoggingIn" time="38.657" classname="com.PG.Tests.ApplyingCAFWithDiffernetExamType"/>
  <testcase name="SubmittingCAFwithAnnualExam" time="16.319" classname="com.PG.Tests.ApplyingCAFWithDiffernetExamType"/>
  <testcase name="SubmittingCAFwithSupplementaryExam" time="11.046" classname="com.PG.Tests.ApplyingCAFWithDiffernetExamType"/>
  <testcase name="@BeforeTest loadup" time="0.0" classname="com.PG.objectRepository.BaseClass">
    <ignored/>
  </testcase> <!-- @BeforeTest loadup -->
  <testcase name="@BeforeTest loadup" time="0.0" classname="com.PG.objectRepository.BaseClass">
    <ignored/>
  </testcase> <!-- @BeforeTest loadup -->
</testsuite> <!-- LoginScenarios -->
