<?xml version="1.0" encoding="UTF-8"?>
<!-- Generated by org.testng.reporters.JUnitXMLReporter -->
<testsuite hostname="LAPTOP-O7SD66MO" ignored="0" name="MobileNoComparison" tests="4" failures="0" timestamp="2020-10-09T16:12:35 IST" time="86.59" errors="0">
  <testcase name="LoggingIn" time="39.229" classname="com.PG.Tests.MobileNoComparison"/>
  <testcase name="DifferentRegisteredMobileNoAlternateMobileNo" time="13.985" classname="com.PG.Tests.MobileNoComparison"/>
  <testcase name="IdenticalRegisteredMobileNoAlternateMobileNo" time="12.919" classname="com.PG.Tests.MobileNoComparison"/>
  <testcase name="AcceptanceofDuplicateAlternateMobileNo" time="13.062" classname="com.PG.Tests.MobileNoComparison"/>
</testsuite> <!-- MobileNoComparison -->
