<?xml version="1.0" encoding="UTF-8"?>
<!-- Generated by org.testng.reporters.JUnitXMLReporter -->
<testsuite hostname="LAPTOP-O7SD66MO" ignored="0" name="PGCAFSubmissionByAppearingCandidate" tests="2" failures="0" timestamp="2020-10-09T16:20:38 IST" time="50.235" errors="0">
  <testcase name="LoggingIn" time="9.385" classname="com.PG.Tests.PGCAFSubmissionByAppearingCandidate"/>
  <testcase name="SubmissionofPGCAFByAppearingCandidate" time="32.922" classname="com.PG.Tests.PGCAFSubmissionByAppearingCandidate"/>
</testsuite> <!-- PGCAFSubmissionByAppearingCandidate -->
