<?xml version="1.0" encoding="UTF-8"?>
<!-- Generated by org.testng.reporters.JUnitXMLReporter -->
<testsuite hostname="LAPTOP-O7SD66MO" ignored="0" name="ReadOnlyCheckMobileNo" tests="2" failures="0" timestamp="2020-10-09T16:13:24 IST" time="49.578" errors="0">
  <testcase name="LoggingIn" time="38.574" classname="com.PG.Tests.ReadOnlyCheckMobileNo"/>
  <testcase name="VerifyReadOnlyMobileNo" time="1.911" classname="com.PG.Tests.ReadOnlyCheckMobileNo"/>
</testsuite> <!-- ReadOnlyCheckMobileNo -->
