<?xml version="1.0" encoding="UTF-8"?>
<!-- Generated by org.testng.reporters.JUnitXMLReporter -->
<testsuite hostname="LAPTOP-O7SD66MO" ignored="0" name="ReadOnlyCheckEmailId" tests="2" failures="0" timestamp="2020-10-09T16:14:14 IST" time="49.438" errors="0">
  <testcase name="LoggingIn" time="39.176" classname="com.PG.Tests.ReadOnlyCheckEmailId"/>
  <testcase name="VerifyReadOnlyEmailId" time="2.781" classname="com.PG.Tests.ReadOnlyCheckEmailId"/>
</testsuite> <!-- ReadOnlyCheckEmailId -->
