<?xml version="1.0" encoding="UTF-8"?>
<!-- Generated by org.testng.reporters.JUnitXMLReporter -->
<testsuite ignored="0" hostname="CSMBHUD215" failures="0" tests="3" name="ScenarioTesting" time="251.247" errors="0" timestamp="2021-11-29T12:32:24 IST">
  <testcase classname="com.PG.Tests.Anthropology" name="LoggingIn" time="11.304"/>
  <testcase classname="com.PG.Tests.Anthropology" name="AnthropologyWithAtleast45Percentage" time="145.334"/>
  <testcase classname="com.PG.Tests.Anthropology" name="AnthropologyWithLessThan45Percentage" time="89.003"/>
</testsuite> <!-- ScenarioTesting -->
