<?xml version="1.0" encoding="UTF-8"?>
<!-- Generated by org.testng.reporters.JUnitXMLReporter -->
<testsuite hostname="LAPTOP-O7SD66MO" ignored="2" name="Test" tests="6" failures="3" timestamp="2020-10-06T17:28:01 IST" time="115.076" errors="0">
  <testcase name="LoggingIn" time="38.448" classname="com.PG.Tests.ApplyingCAFWithDifferentBoards"/>
  <testcase name="SubmissionCAFWithOdishaBoard" time="12.071" classname="com.PG.Tests.ApplyingCAFWithDifferentBoards"/>
  <testcase name="SubmissionCAFWithNonOdishaBoard" time="10.602" classname="com.PG.Tests.ApplyingCAFWithDifferentBoards"/>
  <testcase name="LoggingIn" time="38.13" classname="com.PG.Tests.ApplyingCAFWithDiffernetExamType">
    <failure type="java.lang.NullPointerException">
      <![CDATA[java.lang.NullPointerException
at com.PG.Tests.ApplyingCAFWithDiffernetExamType.LoggingIn(ApplyingCAFWithDiffernetExamType.java:59)
at java.util.ArrayList.forEach(Unknown Source)
... Removed 27 stack frames]]>
    </failure>
  </testcase> <!-- LoggingIn -->
  <testcase name="SubmittingCAFwithAnnualExam" time="0.001" classname="com.PG.Tests.ApplyingCAFWithDiffernetExamType">
    <failure type="java.lang.NullPointerException">
      <![CDATA[java.lang.NullPointerException
at com.PG.Tests.ApplyingCAFWithDiffernetExamType.SubmittingCAFwithAnnualExam(ApplyingCAFWithDiffernetExamType.java:65)
at java.util.ArrayList.forEach(Unknown Source)
... Removed 27 stack frames]]>
    </failure>
  </testcase> <!-- SubmittingCAFwithAnnualExam -->
  <testcase name="SubmittingCAFwithSupplementaryExam" time="0.001" classname="com.PG.Tests.ApplyingCAFWithDiffernetExamType">
    <failure type="java.lang.NullPointerException">
      <![CDATA[java.lang.NullPointerException
at com.PG.Tests.ApplyingCAFWithDiffernetExamType.SubmittingCAFwithSupplementaryExam(ApplyingCAFWithDiffernetExamType.java:160)
at java.util.ArrayList.forEach(Unknown Source)
... Removed 27 stack frames]]>
    </failure>
  </testcase> <!-- SubmittingCAFwithSupplementaryExam -->
  <testcase name="@AfterSuite Extent" time="0.0" classname="com.PG.objectRepository.BaseClass">
    <ignored/>
  </testcase> <!-- @AfterSuite Extent -->
  <testcase name="@BeforeSuite Setup" time="0.0" classname="com.PG.objectRepository.BaseClass">
    <ignored/>
  </testcase> <!-- @BeforeSuite Setup -->
</testsuite> <!-- Test -->
