<?xml version="1.0" encoding="UTF-8"?>
<!-- Generated by org.testng.reporters.JUnitXMLReporter -->
<testsuite hostname="LAPTOP-O7SD66MO" ignored="0" name="YearofPassingValidations" tests="3" failures="0" timestamp="2020-10-09T16:33:38 IST" time="138.766" errors="0">
  <testcase name="LoggingIn" time="38.894" classname="com.PG.Tests.YearofPassingValidations"/>
  <testcase name="YOPComparisonBetween10th_12th" time="64.648" classname="com.PG.Tests.YearofPassingValidations"/>
  <testcase name="YOPComparisonBetween12th_Graduation" time="9.976" classname="com.PG.Tests.YearofPassingValidations"/>
</testsuite> <!-- YearofPassingValidations -->
